0 info it worked if it ends with ok
1 verbose cli [ '/Users/allen/.nvm/versions/node/v5.7.1/bin/node',
1 verbose cli   '/Users/allen/.nvm/versions/node/v5.7.1/bin/npm',
1 verbose cli   'run',
1 verbose cli   'build' ]
2 info using npm@3.6.0
3 info using node@v5.7.1
4 verbose run-script [ 'prebuild', 'build', 'postbuild' ]
5 info lifecycle ng2-scrollable@0.1.0~prebuild: ng2-scrollable@0.1.0
6 silly lifecycle ng2-scrollable@0.1.0~prebuild: no script for prebuild, continuing
7 info lifecycle ng2-scrollable@0.1.0~build: ng2-scrollable@0.1.0
8 verbose lifecycle ng2-scrollable@0.1.0~build: unsafe-perm in lifecycle true
9 verbose lifecycle ng2-scrollable@0.1.0~build: PATH: /Users/allen/.nvm/versions/node/v5.7.1/lib/node_modules/npm/bin/node-gyp-bin:/Users/allen/github/ng2-scrollable/node_modules/.bin:/Users/allen/.nvm/versions/node/v5.7.1/bin:/usr/local/bin:/Users/allen/bin:/usr/local/bin:/usr/bin:/bin:/usr/sbin:/sbin
10 verbose lifecycle ng2-scrollable@0.1.0~build: CWD: /Users/allen/github/ng2-scrollable
11 silly lifecycle ng2-scrollable@0.1.0~build: Args: [ '-c', 'sh ./build.sh' ]
12 silly lifecycle ng2-scrollable@0.1.0~build: Returned: code: 2  signal: null
13 info lifecycle ng2-scrollable@0.1.0~build: Failed to exec build script
14 verbose stack Error: ng2-scrollable@0.1.0 build: `sh ./build.sh`
14 verbose stack Exit status 2
14 verbose stack     at EventEmitter.<anonymous> (/Users/allen/.nvm/versions/node/v5.7.1/lib/node_modules/npm/lib/utils/lifecycle.js:232:16)
14 verbose stack     at emitTwo (events.js:100:13)
14 verbose stack     at EventEmitter.emit (events.js:185:7)
14 verbose stack     at ChildProcess.<anonymous> (/Users/allen/.nvm/versions/node/v5.7.1/lib/node_modules/npm/lib/utils/spawn.js:24:14)
14 verbose stack     at emitTwo (events.js:100:13)
14 verbose stack     at ChildProcess.emit (events.js:185:7)
14 verbose stack     at maybeClose (internal/child_process.js:827:16)
14 verbose stack     at Process.ChildProcess._handle.onexit (internal/child_process.js:211:5)
15 verbose pkgid ng2-scrollable@0.1.0
16 verbose cwd /Users/allen/github/ng2-scrollable
17 error Darwin 15.5.0
18 error argv "/Users/allen/.nvm/versions/node/v5.7.1/bin/node" "/Users/allen/.nvm/versions/node/v5.7.1/bin/npm" "run" "build"
19 error node v5.7.1
20 error npm  v3.6.0
21 error code ELIFECYCLE
22 error ng2-scrollable@0.1.0 build: `sh ./build.sh`
22 error Exit status 2
23 error Failed at the ng2-scrollable@0.1.0 build script 'sh ./build.sh'.
23 error Make sure you have the latest version of node.js and npm installed.
23 error If you do, this is most likely a problem with the ng2-scrollable package,
23 error not with npm itself.
23 error Tell the author that this fails on your system:
23 error     sh ./build.sh
23 error You can get information on how to open an issue for this project with:
23 error     npm bugs ng2-scrollable
23 error Or if that isn't available, you can get their info via:
23 error     npm owner ls ng2-scrollable
23 error There is likely additional logging output above.
24 verbose exit [ 1, true ]
